  [1m[35m (0.2ms)[0m  [1m[34mSELECT VERSION()[0m
  [1m[35m (20.8ms)[0m  [1m[35mCREATE TABLE "schema_migrations" ("version" character varying PRIMARY KEY)[0m
  [1m[35m (5.2ms)[0m  [1m[35mCREATE TABLE "ar_internal_metadata" ("key" character varying PRIMARY KEY, "value" character varying, "created_at" timestamp NOT NULL, "updated_at" timestamp NOT NULL)[0m
  [1m[35m (0.1ms)[0m  [1m[34mSELECT pg_try_advisory_lock(3538794019947244905);[0m
  [1m[36mActiveRecord::SchemaMigration Load (0.3ms)[0m  [1m[34mSELECT "schema_migrations".* FROM "schema_migrations"[0m
Migrating to DeviseTokenAuthCreateUsers (20170411174142)
  [1m[35m (0.1ms)[0m  [1m[35mBEGIN[0m
  [1m[35m (6.5ms)[0m  [1m[35mCREATE TABLE "users" ("id" serial primary key, "provider" character varying DEFAULT 'email' NOT NULL, "uid" character varying DEFAULT '' NOT NULL, "encrypted_password" character varying DEFAULT '' NOT NULL, "reset_password_token" character varying, "reset_password_sent_at" timestamp, "remember_created_at" timestamp, "sign_in_count" integer DEFAULT 0 NOT NULL, "current_sign_in_at" timestamp, "last_sign_in_at" timestamp, "current_sign_in_ip" character varying, "last_sign_in_ip" character varying, "confirmation_token" character varying, "confirmed_at" timestamp, "confirmation_sent_at" timestamp, "unconfirmed_email" character varying, "name" character varying, "nickname" character varying, "image" character varying, "email" character varying, "tokens" json, "created_at" timestamp NOT NULL, "updated_at" timestamp NOT NULL)[0m
  [1m[35m (1.4ms)[0m  [1m[35mCREATE UNIQUE INDEX  "index_users_on_email" ON "users"  ("email")[0m
  [1m[35m (1.5ms)[0m  [1m[35mCREATE UNIQUE INDEX  "index_users_on_uid_and_provider" ON "users"  ("uid", "provider")[0m
  [1m[35m (1.3ms)[0m  [1m[35mCREATE UNIQUE INDEX  "index_users_on_reset_password_token" ON "users"  ("reset_password_token")[0m
  [1m[35m (1.4ms)[0m  [1m[35mCREATE UNIQUE INDEX  "index_users_on_confirmation_token" ON "users"  ("confirmation_token")[0m
  [1m[35mSQL (0.2ms)[0m  [1m[32mINSERT INTO "schema_migrations" ("version") VALUES ($1) RETURNING "version"[0m  [["version", "20170411174142"]]
  [1m[35m (9.1ms)[0m  [1m[35mCOMMIT[0m
  [1m[36mActiveRecord::InternalMetadata Load (0.2ms)[0m  [1m[34mSELECT  "ar_internal_metadata".* FROM "ar_internal_metadata" WHERE "ar_internal_metadata"."key" = $1 LIMIT $2[0m  [["key", :environment], ["LIMIT", 1]]
  [1m[35m (1.0ms)[0m  [1m[35mBEGIN[0m
  [1m[35mSQL (0.3ms)[0m  [1m[32mINSERT INTO "ar_internal_metadata" ("key", "value", "created_at", "updated_at") VALUES ($1, $2, $3, $4) RETURNING "key"[0m  [["key", "environment"], ["value", "development"], ["created_at", 2017-04-11 17:57:35 UTC], ["updated_at", 2017-04-11 17:57:35 UTC]]
  [1m[35m (0.7ms)[0m  [1m[35mCOMMIT[0m
  [1m[35m (0.1ms)[0m  [1m[34mSELECT pg_advisory_unlock(3538794019947244905)[0m
  [1m[36mActiveRecord::SchemaMigration Load (2.0ms)[0m  [1m[34mSELECT "schema_migrations".* FROM "schema_migrations"[0m
  [1m[36mActiveRecord::SchemaMigration Load (0.2ms)[0m  [1m[34mSELECT "schema_migrations".* FROM "schema_migrations"[0m
  [1m[35m (0.2ms)[0m  [1m[35mBEGIN[0m
  [1m[35m (1.2ms)[0m  [1m[34mSELECT COUNT(*) FROM "users" WHERE "users"."provider" = $1 AND "users"."email" = $2[0m  [["provider", "email"], ["email", "user@example.com"]]
  [1m[35mSQL (0.4ms)[0m  [1m[32mINSERT INTO "users" ("uid", "encrypted_password", "confirmation_token", "confirmation_sent_at", "name", "nickname", "email", "tokens", "created_at", "updated_at") VALUES ($1, $2, $3, $4, $5, $6, $7, $8, $9, $10) RETURNING "id"[0m  [["uid", "user@example.com"], ["encrypted_password", "$2a$10$b9npLK7KT4Fdm8LKk.Wk/eiaJcvcr7dXBA022MRUSfbOVpkykOXoS"], ["confirmation_token", "oe7mizfpKcGS26VHvVB9"], ["confirmation_sent_at", 2017-04-11 17:57:43 UTC], ["name", "User One"], ["nickname", "UOne"], ["email", "user@example.com"], ["tokens", "{}"], ["created_at", 2017-04-11 17:57:43 UTC], ["updated_at", 2017-04-11 17:57:43 UTC]]
  [1m[35m (0.8ms)[0m  [1m[35mCOMMIT[0m
Started POST "/auth/sign_in" for 127.0.0.1 at 2017-04-11 20:32:39 +0200
  [1m[36mActiveRecord::SchemaMigration Load (4.2ms)[0m  [1m[34mSELECT "schema_migrations".* FROM "schema_migrations"[0m
Processing by DeviseTokenAuth::SessionsController#create as */*
  Parameters: {"email"=>"user@example.com", "password"=>"[FILTERED]"}
  [1m[36mUser Load (1.6ms)[0m  [1m[34mSELECT  "users".* FROM "users" WHERE (email = 'user@example.com' AND provider='email') ORDER BY "users"."id" ASC LIMIT $1[0m  [["LIMIT", 1]]
Completed 401 Unauthorized in 162ms (Views: 0.3ms | ActiveRecord: 4.7ms)


Started POST "/auth/sign_in" for 127.0.0.1 at 2017-04-11 20:36:51 +0200
Processing by DeviseTokenAuth::SessionsController#create as */*
  Parameters: {"email"=>"user@example.com", "password"=>"[FILTERED]"}
  [1m[36mUser Load (0.4ms)[0m  [1m[34mSELECT  "users".* FROM "users" WHERE (email = 'user@example.com' AND provider='email') ORDER BY "users"."id" ASC LIMIT $1[0m  [["LIMIT", 1]]
Completed 401 Unauthorized in 2ms (Views: 0.1ms | ActiveRecord: 0.4ms)


Started POST "/auth/sign_in" for 127.0.0.1 at 2017-04-11 20:50:27 +0200
Processing by DeviseTokenAuth::SessionsController#create as */*
  Parameters: {"email"=>"user@example.com", "password"=>"[FILTERED]"}
  [1m[36mUser Load (0.3ms)[0m  [1m[34mSELECT  "users".* FROM "users" WHERE (email = 'user@example.com' AND provider='email') ORDER BY "users"."id" ASC LIMIT $1[0m  [["LIMIT", 1]]
Completed 401 Unauthorized in 2ms (Views: 0.1ms | ActiveRecord: 0.3ms)


Started POST "/auth/sign_in" for 127.0.0.1 at 2017-04-11 20:50:30 +0200
Processing by DeviseTokenAuth::SessionsController#create as */*
  Parameters: {"email"=>"user@example.com", "password"=>"[FILTERED]"}
  [1m[36mUser Load (0.3ms)[0m  [1m[34mSELECT  "users".* FROM "users" WHERE (email = 'user@example.com' AND provider='email') ORDER BY "users"."id" ASC LIMIT $1[0m  [["LIMIT", 1]]
Completed 401 Unauthorized in 2ms (Views: 0.1ms | ActiveRecord: 0.3ms)


Started POST "/auth/sign_in" for 127.0.0.1 at 2017-04-11 20:50:44 +0200
Processing by DeviseTokenAuth::SessionsController#create as */*
  Parameters: {"email"=>"user@example.com", "password"=>"[FILTERED]"}
  [1m[36mUser Load (0.3ms)[0m  [1m[34mSELECT  "users".* FROM "users" WHERE (email = 'user@example.com' AND provider='email') ORDER BY "users"."id" ASC LIMIT $1[0m  [["LIMIT", 1]]
Completed 401 Unauthorized in 2ms (Views: 0.1ms | ActiveRecord: 0.3ms)


Started POST "/auth/sign_in" for 127.0.0.1 at 2017-04-11 20:51:31 +0200
Processing by DeviseTokenAuth::SessionsController#create as */*
Completed 401 Unauthorized in 0ms (Views: 0.1ms | ActiveRecord: 0.0ms)


Started POST "/auth/sign_in" for 127.0.0.1 at 2017-04-11 20:51:41 +0200
Processing by DeviseTokenAuth::SessionsController#create as */*
  Parameters: {"------WebKitFormBoundaryyPjMyOEiWNr0Olg6\r\nContent-Disposition: form-data; name"=>"\"email\"\r\n\r\nuser@example.com\r\n------WebKitFormBoundaryyPjMyOEiWNr0Olg6\r\nContent-Disposition: form-data; name=\"password\"\r\n\r\nmonkey67\r\n------WebKitFormBoundaryyPjMyOEiWNr0Olg6--\r\n"}
Unpermitted parameter: ------WebKitFormBoundaryyPjMyOEiWNr0Olg6
Content-Disposition: form-data; name
Completed 401 Unauthorized in 0ms (Views: 0.1ms | ActiveRecord: 0.0ms)


Started POST "/auth/sign_in" for 127.0.0.1 at 2017-04-11 20:51:54 +0200
Processing by DeviseTokenAuth::SessionsController#create as */*
  Parameters: {"------WebKitFormBoundaryA3l7wPrzkB0fwvLo\r\nContent-Disposition: form-data; name"=>"\"email\"\r\n\r\nuser@example.com\r\n------WebKitFormBoundaryA3l7wPrzkB0fwvLo\r\nContent-Disposition: form-data; name=\"password\"\r\n\r\nmonkey67\r\n------WebKitFormBoundaryA3l7wPrzkB0fwvLo--\r\n"}
Unpermitted parameter: ------WebKitFormBoundaryA3l7wPrzkB0fwvLo
Content-Disposition: form-data; name
Completed 401 Unauthorized in 0ms (Views: 0.1ms | ActiveRecord: 0.0ms)


Started POST "/auth/sign_in" for 127.0.0.1 at 2017-04-11 20:52:02 +0200
Processing by DeviseTokenAuth::SessionsController#create as */*
  Parameters: {"email"=>"user@example.com", "password"=>"[FILTERED]"}
  [1m[36mUser Load (0.4ms)[0m  [1m[34mSELECT  "users".* FROM "users" WHERE (email = 'user@example.com' AND provider='email') ORDER BY "users"."id" ASC LIMIT $1[0m  [["LIMIT", 1]]
Completed 401 Unauthorized in 2ms (Views: 0.2ms | ActiveRecord: 0.4ms)


Started POST "/auth/sign_in" for 127.0.0.1 at 2017-04-11 21:01:23 +0200
Processing by DeviseTokenAuth::SessionsController#create as */*
  Parameters: {"email"=>"user@example.com", "password"=>"[FILTERED]", "session"=>{"email"=>"user@example.com", "password"=>"[FILTERED]"}}
Unpermitted parameter: session
Unpermitted parameter: session
  [1m[36mUser Load (0.4ms)[0m  [1m[34mSELECT  "users".* FROM "users" WHERE (email = 'user@example.com' AND provider='email') ORDER BY "users"."id" ASC LIMIT $1[0m  [["LIMIT", 1]]
Unpermitted parameter: session
Completed 401 Unauthorized in 3ms (Views: 0.1ms | ActiveRecord: 0.4ms)


Started POST "/auth/sign_in" for 127.0.0.1 at 2017-04-11 21:09:18 +0200
Processing by DeviseTokenAuth::SessionsController#create as */*
  Parameters: {"email"=>"user@example.com", "password"=>"[FILTERED]", "session"=>{"email"=>"user@example.com", "password"=>"[FILTERED]"}}
Unpermitted parameter: session
Unpermitted parameter: session
  [1m[36mUser Load (0.8ms)[0m  [1m[34mSELECT  "users".* FROM "users" WHERE (email = 'user@example.com' AND provider='email') ORDER BY "users"."id" ASC LIMIT $1[0m  [["LIMIT", 1]]
Unpermitted parameter: session
Completed 401 Unauthorized in 27ms (Views: 0.1ms | ActiveRecord: 4.0ms)


Started POST "/auth/sign_in" for 127.0.0.1 at 2017-04-11 21:09:50 +0200
Processing by DeviseTokenAuth::SessionsController#create as */*
  Parameters: {"email"=>"user@example.com", "password"=>"[FILTERED]", "session"=>{"email"=>"user@example.com", "password"=>"[FILTERED]"}}
Unpermitted parameter: session
Unpermitted parameter: session
  [1m[36mUser Load (0.5ms)[0m  [1m[34mSELECT  "users".* FROM "users" WHERE (email = 'user@example.com' AND provider='email') ORDER BY "users"."id" ASC LIMIT $1[0m  [["LIMIT", 1]]
Unpermitted parameter: session
Completed 401 Unauthorized in 2ms (Views: 0.1ms | ActiveRecord: 0.5ms)


Started POST "/auth/sign_in" for 127.0.0.1 at 2017-04-11 21:10:17 +0200
  [1m[36mActiveRecord::SchemaMigration Load (4.1ms)[0m  [1m[34mSELECT "schema_migrations".* FROM "schema_migrations"[0m
Processing by DeviseTokenAuth::SessionsController#create as */*
  Parameters: {"email"=>"user@example.com", "password"=>"[FILTERED]", "session"=>{"email"=>"user@example.com", "password"=>"[FILTERED]"}}
Unpermitted parameter: session
Unpermitted parameter: session
  [1m[36mUser Load (0.8ms)[0m  [1m[34mSELECT  "users".* FROM "users" WHERE (email = 'user@example.com' AND provider='email') ORDER BY "users"."id" ASC LIMIT $1[0m  [["LIMIT", 1]]
Unpermitted parameter: session
Completed 401 Unauthorized in 56ms (Views: 0.2ms | ActiveRecord: 4.1ms)


Started POST "/auth/sign_in" for 127.0.0.1 at 2017-04-11 21:10:32 +0200
  [1m[36mActiveRecord::SchemaMigration Load (1.7ms)[0m  [1m[34mSELECT "schema_migrations".* FROM "schema_migrations"[0m
Processing by DeviseTokenAuth::SessionsController#create as */*
  Parameters: {"email"=>"user@example.com", "password"=>"[FILTERED]", "session"=>{"email"=>"user@example.com", "password"=>"[FILTERED]"}}
Unpermitted parameter: session
Unpermitted parameter: session
  [1m[36mUser Load (0.7ms)[0m  [1m[34mSELECT  "users".* FROM "users" WHERE (email = 'user@example.com' AND provider='email') ORDER BY "users"."id" ASC LIMIT $1[0m  [["LIMIT", 1]]
Unpermitted parameter: session
Completed 401 Unauthorized in 55ms (Views: 0.2ms | ActiveRecord: 2.3ms)


Started POST "/auth/sign_in" for 127.0.0.1 at 2017-04-11 21:31:01 +0200
Processing by DeviseTokenAuth::SessionsController#create as */*
Completed 401 Unauthorized in 0ms (Views: 0.1ms | ActiveRecord: 0.0ms)


Started POST "/auth/sign_in" for 127.0.0.1 at 2017-04-11 21:31:15 +0200
Processing by DeviseTokenAuth::SessionsController#create as */*
Completed 401 Unauthorized in 0ms (Views: 0.1ms | ActiveRecord: 0.0ms)


Started POST "/auth/sign_in" for 127.0.0.1 at 2017-04-11 21:31:27 +0200
Processing by DeviseTokenAuth::SessionsController#create as */*
  Parameters: {"email"=>"user@example.com", "password"=>"[FILTERED]", "session"=>{"email"=>"user@example.com", "password"=>"[FILTERED]"}}
Unpermitted parameter: session
Unpermitted parameter: session
  [1m[36mUser Load (0.3ms)[0m  [1m[34mSELECT  "users".* FROM "users" WHERE (email = 'user@example.com' AND provider='email') ORDER BY "users"."id" ASC LIMIT $1[0m  [["LIMIT", 1]]
Unpermitted parameter: session
Completed 401 Unauthorized in 2ms (Views: 0.1ms | ActiveRecord: 0.3ms)


Started POST "/auth/sign_in" for 127.0.0.1 at 2017-04-11 21:31:38 +0200
Processing by DeviseTokenAuth::SessionsController#create as */*
  Parameters: {"email"=>"user@example.com", "password"=>"[FILTERED]", "session"=>{"email"=>"user@example.com", "password"=>"[FILTERED]"}}
Unpermitted parameter: session
Unpermitted parameter: session
  [1m[36mUser Load (0.3ms)[0m  [1m[34mSELECT  "users".* FROM "users" WHERE (email = 'user@example.com' AND provider='email') ORDER BY "users"."id" ASC LIMIT $1[0m  [["LIMIT", 1]]
Unpermitted parameter: session
Completed 401 Unauthorized in 2ms (Views: 0.1ms | ActiveRecord: 0.3ms)


Started POST "/auth/sign_in" for 127.0.0.1 at 2017-04-11 21:38:32 +0200
Processing by DeviseTokenAuth::SessionsController#create as */*
  Parameters: {"email"=>"user@example.com", "password"=>"[FILTERED]", "session"=>{"email"=>"user@example.com", "password"=>"[FILTERED]"}}
Unpermitted parameter: session
Unpermitted parameter: session
  [1m[36mUser Load (0.9ms)[0m  [1m[34mSELECT  "users".* FROM "users" WHERE (email = 'user@example.com' AND provider='email') ORDER BY "users"."id" ASC LIMIT $1[0m  [["LIMIT", 1]]
Unpermitted parameter: session
Completed 401 Unauthorized in 3ms (Views: 0.2ms | ActiveRecord: 0.9ms)


Started POST "/auth/sign_in/" for 127.0.0.1 at 2017-04-11 21:38:38 +0200
Processing by DeviseTokenAuth::SessionsController#create as */*
  Parameters: {"email"=>"user@example.com", "password"=>"[FILTERED]", "session"=>{"email"=>"user@example.com", "password"=>"[FILTERED]"}}
Unpermitted parameter: session
Unpermitted parameter: session
  [1m[36mUser Load (0.4ms)[0m  [1m[34mSELECT  "users".* FROM "users" WHERE (email = 'user@example.com' AND provider='email') ORDER BY "users"."id" ASC LIMIT $1[0m  [["LIMIT", 1]]
Unpermitted parameter: session
Completed 401 Unauthorized in 2ms (Views: 0.1ms | ActiveRecord: 0.4ms)


Started GET "/" for 127.0.0.1 at 2017-04-11 21:49:22 +0200
Processing by Rails::WelcomeController#index as HTML
  Parameters: {"internal"=>true}
  Rendering /home/work/.rvm/gems/ruby-2.4.0/gems/railties-5.0.2/lib/rails/templates/rails/welcome/index.html.erb
  Rendered /home/work/.rvm/gems/ruby-2.4.0/gems/railties-5.0.2/lib/rails/templates/rails/welcome/index.html.erb (6.6ms)
Completed 200 OK in 70ms (Views: 53.2ms | ActiveRecord: 0.0ms)


Started GET "/favicon.ico" for 127.0.0.1 at 2017-04-11 21:49:22 +0200
  
ActionController::RoutingError (No route matches [GET] "/favicon.ico"):
  
actionpack (5.0.2) lib/action_dispatch/middleware/debug_exceptions.rb:53:in `call'
actionpack (5.0.2) lib/action_dispatch/middleware/show_exceptions.rb:31:in `call'
railties (5.0.2) lib/rails/rack/logger.rb:36:in `call_app'
railties (5.0.2) lib/rails/rack/logger.rb:24:in `block in call'
activesupport (5.0.2) lib/active_support/tagged_logging.rb:69:in `block in tagged'
activesupport (5.0.2) lib/active_support/tagged_logging.rb:26:in `tagged'
activesupport (5.0.2) lib/active_support/tagged_logging.rb:69:in `tagged'
railties (5.0.2) lib/rails/rack/logger.rb:24:in `call'
actionpack (5.0.2) lib/action_dispatch/middleware/request_id.rb:24:in `call'
rack (2.0.1) lib/rack/runtime.rb:22:in `call'
activesupport (5.0.2) lib/active_support/cache/strategy/local_cache_middleware.rb:28:in `call'
actionpack (5.0.2) lib/action_dispatch/middleware/executor.rb:12:in `call'
actionpack (5.0.2) lib/action_dispatch/middleware/static.rb:136:in `call'
rack (2.0.1) lib/rack/sendfile.rb:111:in `call'
railties (5.0.2) lib/rails/engine.rb:522:in `call'
puma (3.8.2) lib/puma/configuration.rb:224:in `call'
puma (3.8.2) lib/puma/server.rb:600:in `handle_request'
puma (3.8.2) lib/puma/server.rb:435:in `process_client'
puma (3.8.2) lib/puma/server.rb:299:in `block in run'
puma (3.8.2) lib/puma/thread_pool.rb:120:in `block in spawn_thread'
Started GET "/auth/sign_in" for 127.0.0.1 at 2017-04-11 21:49:39 +0200
Processing by DeviseTokenAuth::SessionsController#new as HTML
Completed 405 Method Not Allowed in 0ms (Views: 0.2ms | ActiveRecord: 0.0ms)


Started GET "/" for 127.0.0.1 at 2017-04-11 21:50:00 +0200
Processing by Rails::WelcomeController#index as HTML
  Parameters: {"internal"=>true}
  Rendering /home/work/.rvm/gems/ruby-2.4.0/gems/railties-5.0.2/lib/rails/templates/rails/welcome/index.html.erb
  Rendered /home/work/.rvm/gems/ruby-2.4.0/gems/railties-5.0.2/lib/rails/templates/rails/welcome/index.html.erb (1.3ms)
Completed 200 OK in 4ms (Views: 3.3ms | ActiveRecord: 0.0ms)


Started GET "/routes" for 127.0.0.1 at 2017-04-11 21:50:05 +0200
  
ActionController::RoutingError (No route matches [GET] "/routes"):
  
actionpack (5.0.2) lib/action_dispatch/middleware/debug_exceptions.rb:53:in `call'
actionpack (5.0.2) lib/action_dispatch/middleware/show_exceptions.rb:31:in `call'
railties (5.0.2) lib/rails/rack/logger.rb:36:in `call_app'
railties (5.0.2) lib/rails/rack/logger.rb:24:in `block in call'
activesupport (5.0.2) lib/active_support/tagged_logging.rb:69:in `block in tagged'
activesupport (5.0.2) lib/active_support/tagged_logging.rb:26:in `tagged'
activesupport (5.0.2) lib/active_support/tagged_logging.rb:69:in `tagged'
railties (5.0.2) lib/rails/rack/logger.rb:24:in `call'
actionpack (5.0.2) lib/action_dispatch/middleware/request_id.rb:24:in `call'
rack (2.0.1) lib/rack/runtime.rb:22:in `call'
activesupport (5.0.2) lib/active_support/cache/strategy/local_cache_middleware.rb:28:in `call'
actionpack (5.0.2) lib/action_dispatch/middleware/executor.rb:12:in `call'
actionpack (5.0.2) lib/action_dispatch/middleware/static.rb:136:in `call'
rack (2.0.1) lib/rack/sendfile.rb:111:in `call'
railties (5.0.2) lib/rails/engine.rb:522:in `call'
puma (3.8.2) lib/puma/configuration.rb:224:in `call'
puma (3.8.2) lib/puma/server.rb:600:in `handle_request'
puma (3.8.2) lib/puma/server.rb:435:in `process_client'
puma (3.8.2) lib/puma/server.rb:299:in `block in run'
puma (3.8.2) lib/puma/thread_pool.rb:120:in `block in spawn_thread'
Started POST "/auth/sign_up" for 127.0.0.1 at 2017-04-11 21:50:45 +0200
  
ActionController::RoutingError (No route matches [POST] "/auth/sign_up"):
  
actionpack (5.0.2) lib/action_dispatch/middleware/debug_exceptions.rb:53:in `call'
actionpack (5.0.2) lib/action_dispatch/middleware/show_exceptions.rb:31:in `call'
railties (5.0.2) lib/rails/rack/logger.rb:36:in `call_app'
railties (5.0.2) lib/rails/rack/logger.rb:24:in `block in call'
activesupport (5.0.2) lib/active_support/tagged_logging.rb:69:in `block in tagged'
activesupport (5.0.2) lib/active_support/tagged_logging.rb:26:in `tagged'
activesupport (5.0.2) lib/active_support/tagged_logging.rb:69:in `tagged'
railties (5.0.2) lib/rails/rack/logger.rb:24:in `call'
actionpack (5.0.2) lib/action_dispatch/middleware/request_id.rb:24:in `call'
rack (2.0.1) lib/rack/runtime.rb:22:in `call'
activesupport (5.0.2) lib/active_support/cache/strategy/local_cache_middleware.rb:28:in `call'
actionpack (5.0.2) lib/action_dispatch/middleware/executor.rb:12:in `call'
actionpack (5.0.2) lib/action_dispatch/middleware/static.rb:136:in `call'
rack (2.0.1) lib/rack/sendfile.rb:111:in `call'
railties (5.0.2) lib/rails/engine.rb:522:in `call'
puma (3.8.2) lib/puma/configuration.rb:224:in `call'
puma (3.8.2) lib/puma/server.rb:600:in `handle_request'
puma (3.8.2) lib/puma/server.rb:435:in `process_client'
puma (3.8.2) lib/puma/server.rb:299:in `block in run'
puma (3.8.2) lib/puma/thread_pool.rb:120:in `block in spawn_thread'
Started GET "/auth/sign_in" for 127.0.0.1 at 2017-04-11 21:51:07 +0200
Processing by DeviseTokenAuth::SessionsController#new as */*
  Parameters: {"session"=>{}}
Completed 405 Method Not Allowed in 0ms (Views: 0.1ms | ActiveRecord: 0.0ms)


Started POST "/auth/sign_in" for 127.0.0.1 at 2017-04-11 21:51:13 +0200
Processing by DeviseTokenAuth::SessionsController#create as */*
  Parameters: {"email"=>"user@example.com", "password"=>"[FILTERED]", "session"=>{"email"=>"user@example.com", "password"=>"[FILTERED]"}}
Unpermitted parameter: session
Unpermitted parameter: session
  [1m[36mUser Load (0.4ms)[0m  [1m[34mSELECT  "users".* FROM "users" WHERE (email = 'user@example.com' AND provider='email') ORDER BY "users"."id" ASC LIMIT $1[0m  [["LIMIT", 1]]
Unpermitted parameter: session
Completed 401 Unauthorized in 2ms (Views: 0.1ms | ActiveRecord: 0.4ms)


  [1m[36mActiveRecord::SchemaMigration Load (0.2ms)[0m  [1m[34mSELECT "schema_migrations".* FROM "schema_migrations"[0m
  [1m[35m (0.1ms)[0m  [1m[35mBEGIN[0m
  [1m[35m (0.6ms)[0m  [1m[34mSELECT COUNT(*) FROM "users" WHERE "users"."provider" = $1 AND "users"."email" = $2[0m  [["provider", "email"], ["email", "user@example.com"]]
  [1m[35m (0.2ms)[0m  [1m[31mROLLBACK[0m
  [1m[36mActiveRecord::SchemaMigration Load (0.4ms)[0m  [1m[34mSELECT "schema_migrations".* FROM "schema_migrations"[0m
  [1m[35m (0.2ms)[0m  [1m[35mBEGIN[0m
  [1m[35m (0.7ms)[0m  [1m[34mSELECT COUNT(*) FROM "users" WHERE "users"."provider" = $1 AND "users"."email" = $2[0m  [["provider", "email"], ["email", "aaa@example.com"]]
  [1m[35m (0.1ms)[0m  [1m[31mROLLBACK[0m
  [1m[36mActiveRecord::SchemaMigration Load (1.2ms)[0m  [1m[34mSELECT "schema_migrations".* FROM "schema_migrations"[0m
  [1m[35m (0.2ms)[0m  [1m[34mSELECT "ar_internal_metadata"."value" FROM "ar_internal_metadata" WHERE "ar_internal_metadata"."key" = $1[0m  [["key", :environment]]
  [1m[36mActiveRecord::SchemaMigration Load (0.1ms)[0m  [1m[34mSELECT "schema_migrations".* FROM "schema_migrations"[0m
  [1m[35m (0.1ms)[0m  [1m[34mSELECT "ar_internal_metadata"."value" FROM "ar_internal_metadata" WHERE "ar_internal_metadata"."key" = $1[0m  [["key", :environment]]
  [1m[36mActiveRecord::SchemaMigration Load (0.1ms)[0m  [1m[34mSELECT "schema_migrations".* FROM "schema_migrations"[0m
  [1m[35m (0.1ms)[0m  [1m[34mSELECT "ar_internal_metadata"."value" FROM "ar_internal_metadata" WHERE "ar_internal_metadata"."key" = $1[0m  [["key", :environment]]
  [1m[35m (133.5ms)[0m  [1m[35mDROP DATABASE IF EXISTS "rails_devise_token_auth_development"[0m
  [1m[35m (103.8ms)[0m  [1m[35mDROP DATABASE IF EXISTS "rails_devise_token_auth_test"[0m
  [1m[35m (30.9ms)[0m  [1m[35mCREATE TABLE "schema_migrations" ("version" character varying PRIMARY KEY)[0m
  [1m[35m (23.9ms)[0m  [1m[35mCREATE TABLE "ar_internal_metadata" ("key" character varying PRIMARY KEY, "value" character varying, "created_at" timestamp NOT NULL, "updated_at" timestamp NOT NULL)[0m
  [1m[35m (0.2ms)[0m  [1m[34mSELECT pg_try_advisory_lock(3538794019947244905);[0m
  [1m[36mActiveRecord::SchemaMigration Load (0.3ms)[0m  [1m[34mSELECT "schema_migrations".* FROM "schema_migrations"[0m
Migrating to DeviseTokenAuthCreateUsers (20170411174142)
  [1m[35m (0.2ms)[0m  [1m[35mBEGIN[0m
  [1m[35m (5.0ms)[0m  [1m[35mCREATE TABLE "users" ("id" serial primary key, "provider" character varying DEFAULT 'email' NOT NULL, "uid" character varying DEFAULT '' NOT NULL, "encrypted_password" character varying DEFAULT '' NOT NULL, "reset_password_token" character varying, "reset_password_sent_at" timestamp, "remember_created_at" timestamp, "sign_in_count" integer DEFAULT 0 NOT NULL, "current_sign_in_at" timestamp, "last_sign_in_at" timestamp, "current_sign_in_ip" character varying, "last_sign_in_ip" character varying, "confirmation_token" character varying, "confirmed_at" timestamp, "confirmation_sent_at" timestamp, "unconfirmed_email" character varying, "name" character varying, "nickname" character varying, "image" character varying, "email" character varying, "tokens" json, "created_at" timestamp NOT NULL, "updated_at" timestamp NOT NULL)[0m
  [1m[35m (1.6ms)[0m  [1m[35mCREATE UNIQUE INDEX  "index_users_on_email" ON "users"  ("email")[0m
  [1m[35m (2.3ms)[0m  [1m[35mCREATE UNIQUE INDEX  "index_users_on_uid_and_provider" ON "users"  ("uid", "provider")[0m
  [1m[35m (1.6ms)[0m  [1m[35mCREATE UNIQUE INDEX  "index_users_on_reset_password_token" ON "users"  ("reset_password_token")[0m
  [1m[35m (1.5ms)[0m  [1m[35mCREATE UNIQUE INDEX  "index_users_on_confirmation_token" ON "users"  ("confirmation_token")[0m
  [1m[35mSQL (0.2ms)[0m  [1m[32mINSERT INTO "schema_migrations" ("version") VALUES ($1) RETURNING "version"[0m  [["version", "20170411174142"]]
  [1m[35m (0.8ms)[0m  [1m[35mCOMMIT[0m
  [1m[36mActiveRecord::InternalMetadata Load (0.2ms)[0m  [1m[34mSELECT  "ar_internal_metadata".* FROM "ar_internal_metadata" WHERE "ar_internal_metadata"."key" = $1 LIMIT $2[0m  [["key", :environment], ["LIMIT", 1]]
  [1m[35m (0.1ms)[0m  [1m[35mBEGIN[0m
  [1m[35mSQL (0.3ms)[0m  [1m[32mINSERT INTO "ar_internal_metadata" ("key", "value", "created_at", "updated_at") VALUES ($1, $2, $3, $4) RETURNING "key"[0m  [["key", "environment"], ["value", "development"], ["created_at", 2017-04-11 19:58:42 UTC], ["updated_at", 2017-04-11 19:58:42 UTC]]
  [1m[35m (0.9ms)[0m  [1m[35mCOMMIT[0m
  [1m[35m (1.8ms)[0m  [1m[34mSELECT pg_advisory_unlock(3538794019947244905)[0m
  [1m[36mActiveRecord::SchemaMigration Load (0.1ms)[0m  [1m[34mSELECT "schema_migrations".* FROM "schema_migrations"[0m
  [1m[36mActiveRecord::SchemaMigration Load (0.2ms)[0m  [1m[34mSELECT "schema_migrations".* FROM "schema_migrations"[0m
  [1m[35m (0.1ms)[0m  [1m[34mSELECT "ar_internal_metadata"."value" FROM "ar_internal_metadata" WHERE "ar_internal_metadata"."key" = $1[0m  [["key", :environment]]
  [1m[36mActiveRecord::SchemaMigration Load (0.2ms)[0m  [1m[34mSELECT "schema_migrations".* FROM "schema_migrations"[0m
  [1m[35m (0.5ms)[0m  [1m[34mSELECT "ar_internal_metadata"."value" FROM "ar_internal_metadata" WHERE "ar_internal_metadata"."key" = $1[0m  [["key", :environment]]
  [1m[36mActiveRecord::SchemaMigration Load (0.1ms)[0m  [1m[34mSELECT "schema_migrations".* FROM "schema_migrations"[0m
  [1m[35m (0.2ms)[0m  [1m[34mSELECT "ar_internal_metadata"."value" FROM "ar_internal_metadata" WHERE "ar_internal_metadata"."key" = $1[0m  [["key", :environment]]
  [1m[35mSQL (0.2ms)[0m  [1m[35mCREATE EXTENSION IF NOT EXISTS "plpgsql"[0m
  [1m[35m (24.6ms)[0m  [1m[35mDROP TABLE "users" CASCADE[0m
  [1m[35m (18.1ms)[0m  [1m[35mCREATE TABLE "users" ("id" serial primary key, "provider" character varying DEFAULT 'email' NOT NULL, "uid" character varying DEFAULT '' NOT NULL, "encrypted_password" character varying DEFAULT '' NOT NULL, "reset_password_token" character varying, "reset_password_sent_at" timestamp, "remember_created_at" timestamp, "sign_in_count" integer DEFAULT 0 NOT NULL, "current_sign_in_at" timestamp, "last_sign_in_at" timestamp, "current_sign_in_ip" character varying, "last_sign_in_ip" character varying, "confirmation_token" character varying, "confirmed_at" timestamp, "confirmation_sent_at" timestamp, "unconfirmed_email" character varying, "name" character varying, "nickname" character varying, "image" character varying, "email" character varying, "tokens" json, "created_at" timestamp NOT NULL, "updated_at" timestamp NOT NULL)[0m
  [1m[35m (2.5ms)[0m  [1m[35mCREATE UNIQUE INDEX  "index_users_on_confirmation_token" ON "users" USING btree ("confirmation_token")[0m
  [1m[35m (4.1ms)[0m  [1m[35mCREATE UNIQUE INDEX  "index_users_on_email" ON "users" USING btree ("email")[0m
  [1m[35m (4.2ms)[0m  [1m[35mCREATE UNIQUE INDEX  "index_users_on_reset_password_token" ON "users" USING btree ("reset_password_token")[0m
  [1m[35m (2.2ms)[0m  [1m[35mCREATE UNIQUE INDEX  "index_users_on_uid_and_provider" ON "users" USING btree ("uid", "provider")[0m
  [1m[35m (0.3ms)[0m  [1m[34mSELECT version FROM "schema_migrations"[0m
  [1m[36mActiveRecord::InternalMetadata Load (0.2ms)[0m  [1m[34mSELECT  "ar_internal_metadata".* FROM "ar_internal_metadata" WHERE "ar_internal_metadata"."key" = $1 LIMIT $2[0m  [["key", :environment], ["LIMIT", 1]]
  [1m[35m (0.3ms)[0m  [1m[35mBEGIN[0m
  [1m[35m (0.1ms)[0m  [1m[35mCOMMIT[0m
  [1m[36mActiveRecord::InternalMetadata Load (0.2ms)[0m  [1m[34mSELECT  "ar_internal_metadata".* FROM "ar_internal_metadata" WHERE "ar_internal_metadata"."key" = $1 LIMIT $2[0m  [["key", :environment], ["LIMIT", 1]]
  [1m[35m (0.1ms)[0m  [1m[35mBEGIN[0m
  [1m[35m (0.1ms)[0m  [1m[35mCOMMIT[0m
  [1m[35mSQL (0.2ms)[0m  [1m[35mCREATE EXTENSION IF NOT EXISTS "plpgsql"[0m
  [1m[35m (10.8ms)[0m  [1m[35mCREATE TABLE "users" ("id" serial primary key, "provider" character varying DEFAULT 'email' NOT NULL, "uid" character varying DEFAULT '' NOT NULL, "encrypted_password" character varying DEFAULT '' NOT NULL, "reset_password_token" character varying, "reset_password_sent_at" timestamp, "remember_created_at" timestamp, "sign_in_count" integer DEFAULT 0 NOT NULL, "current_sign_in_at" timestamp, "last_sign_in_at" timestamp, "current_sign_in_ip" character varying, "last_sign_in_ip" character varying, "confirmation_token" character varying, "confirmed_at" timestamp, "confirmation_sent_at" timestamp, "unconfirmed_email" character varying, "name" character varying, "nickname" character varying, "image" character varying, "email" character varying, "tokens" json, "created_at" timestamp NOT NULL, "updated_at" timestamp NOT NULL)[0m
  [1m[35m (2.7ms)[0m  [1m[35mCREATE UNIQUE INDEX  "index_users_on_confirmation_token" ON "users" USING btree ("confirmation_token")[0m
  [1m[35m (2.0ms)[0m  [1m[35mCREATE UNIQUE INDEX  "index_users_on_email" ON "users" USING btree ("email")[0m
  [1m[35m (2.1ms)[0m  [1m[35mCREATE UNIQUE INDEX  "index_users_on_reset_password_token" ON "users" USING btree ("reset_password_token")[0m
  [1m[35m (1.9ms)[0m  [1m[35mCREATE UNIQUE INDEX  "index_users_on_uid_and_provider" ON "users" USING btree ("uid", "provider")[0m
  [1m[35m (3.6ms)[0m  [1m[35mCREATE TABLE "schema_migrations" ("version" character varying PRIMARY KEY)[0m
  [1m[35m (0.2ms)[0m  [1m[34mSELECT version FROM "schema_migrations"[0m
  [1m[35m (0.7ms)[0m  [1m[32mINSERT INTO "schema_migrations" (version) VALUES (20170411174142)[0m
  [1m[35m (3.8ms)[0m  [1m[35mCREATE TABLE "ar_internal_metadata" ("key" character varying PRIMARY KEY, "value" character varying, "created_at" timestamp NOT NULL, "updated_at" timestamp NOT NULL)[0m
  [1m[36mActiveRecord::InternalMetadata Load (0.2ms)[0m  [1m[34mSELECT  "ar_internal_metadata".* FROM "ar_internal_metadata" WHERE "ar_internal_metadata"."key" = $1 LIMIT $2[0m  [["key", :environment], ["LIMIT", 1]]
  [1m[35m (0.1ms)[0m  [1m[35mBEGIN[0m
  [1m[35mSQL (0.2ms)[0m  [1m[32mINSERT INTO "ar_internal_metadata" ("key", "value", "created_at", "updated_at") VALUES ($1, $2, $3, $4) RETURNING "key"[0m  [["key", "environment"], ["value", "development"], ["created_at", 2017-04-11 19:58:43 UTC], ["updated_at", 2017-04-11 19:58:43 UTC]]
  [1m[35m (0.5ms)[0m  [1m[35mCOMMIT[0m
  [1m[36mActiveRecord::InternalMetadata Load (0.1ms)[0m  [1m[34mSELECT  "ar_internal_metadata".* FROM "ar_internal_metadata" WHERE "ar_internal_metadata"."key" = $1 LIMIT $2[0m  [["key", :environment], ["LIMIT", 1]]
  [1m[35m (0.1ms)[0m  [1m[35mBEGIN[0m
  [1m[35m (0.1ms)[0m  [1m[35mCOMMIT[0m
  [1m[36mActiveRecord::SchemaMigration Load (2.0ms)[0m  [1m[34mSELECT "schema_migrations".* FROM "schema_migrations"[0m
  [1m[35m (0.2ms)[0m  [1m[35mBEGIN[0m
  [1m[35m (1.8ms)[0m  [1m[34mSELECT COUNT(*) FROM "users" WHERE "users"."provider" = $1 AND "users"."email" = $2[0m  [["provider", "email"], ["email", "aaa@example.com"]]
  [1m[35m (0.5ms)[0m  [1m[31mROLLBACK[0m
  [1m[36mActiveRecord::SchemaMigration Load (0.3ms)[0m  [1m[34mSELECT "schema_migrations".* FROM "schema_migrations"[0m
  [1m[35m (0.2ms)[0m  [1m[34mSELECT "ar_internal_metadata"."value" FROM "ar_internal_metadata" WHERE "ar_internal_metadata"."key" = $1[0m  [["key", :environment]]
  [1m[36mActiveRecord::SchemaMigration Load (0.1ms)[0m  [1m[34mSELECT "schema_migrations".* FROM "schema_migrations"[0m
  [1m[35m (0.3ms)[0m  [1m[34mSELECT "ar_internal_metadata"."value" FROM "ar_internal_metadata" WHERE "ar_internal_metadata"."key" = $1[0m  [["key", :environment]]
  [1m[36mActiveRecord::SchemaMigration Load (0.2ms)[0m  [1m[34mSELECT "schema_migrations".* FROM "schema_migrations"[0m
  [1m[35m (0.1ms)[0m  [1m[34mSELECT "ar_internal_metadata"."value" FROM "ar_internal_metadata" WHERE "ar_internal_metadata"."key" = $1[0m  [["key", :environment]]
  [1m[35m (5024.1ms)[0m  [1m[35mDROP DATABASE IF EXISTS "rails_devise_token_auth_development"[0m
  [1m[36mActiveRecord::SchemaMigration Load (0.3ms)[0m  [1m[34mSELECT "schema_migrations".* FROM "schema_migrations"[0m
  [1m[35m (0.2ms)[0m  [1m[34mSELECT "ar_internal_metadata"."value" FROM "ar_internal_metadata" WHERE "ar_internal_metadata"."key" = $1[0m  [["key", :environment]]
  [1m[36mActiveRecord::SchemaMigration Load (0.2ms)[0m  [1m[34mSELECT "schema_migrations".* FROM "schema_migrations"[0m
  [1m[35m (0.1ms)[0m  [1m[34mSELECT "ar_internal_metadata"."value" FROM "ar_internal_metadata" WHERE "ar_internal_metadata"."key" = $1[0m  [["key", :environment]]
  [1m[36mActiveRecord::SchemaMigration Load (0.1ms)[0m  [1m[34mSELECT "schema_migrations".* FROM "schema_migrations"[0m
  [1m[35m (0.1ms)[0m  [1m[34mSELECT "ar_internal_metadata"."value" FROM "ar_internal_metadata" WHERE "ar_internal_metadata"."key" = $1[0m  [["key", :environment]]
  [1m[35m (115.5ms)[0m  [1m[35mDROP DATABASE IF EXISTS "rails_devise_token_auth_development"[0m
  [1m[35m (104.1ms)[0m  [1m[35mDROP DATABASE IF EXISTS "rails_devise_token_auth_test"[0m
  [1m[35m (5.8ms)[0m  [1m[35mCREATE TABLE "schema_migrations" ("version" character varying PRIMARY KEY)[0m
  [1m[35m (4.1ms)[0m  [1m[35mCREATE TABLE "ar_internal_metadata" ("key" character varying PRIMARY KEY, "value" character varying, "created_at" timestamp NOT NULL, "updated_at" timestamp NOT NULL)[0m
  [1m[35m (0.1ms)[0m  [1m[34mSELECT pg_try_advisory_lock(3538794019947244905);[0m
  [1m[36mActiveRecord::SchemaMigration Load (0.3ms)[0m  [1m[34mSELECT "schema_migrations".* FROM "schema_migrations"[0m
Migrating to DeviseTokenAuthCreateUsers (20170411174142)
  [1m[35m (0.1ms)[0m  [1m[35mBEGIN[0m
  [1m[35m (18.4ms)[0m  [1m[35mCREATE TABLE "users" ("id" serial primary key, "provider" character varying DEFAULT 'email' NOT NULL, "uid" character varying DEFAULT '' NOT NULL, "encrypted_password" character varying DEFAULT '' NOT NULL, "reset_password_token" character varying, "reset_password_sent_at" timestamp, "remember_created_at" timestamp, "sign_in_count" integer DEFAULT 0 NOT NULL, "current_sign_in_at" timestamp, "last_sign_in_at" timestamp, "current_sign_in_ip" character varying, "last_sign_in_ip" character varying, "confirmation_token" character varying, "confirmed_at" timestamp, "confirmation_sent_at" timestamp, "unconfirmed_email" character varying, "name" character varying, "nickname" character varying, "image" character varying, "email" character varying, "tokens" json, "created_at" timestamp NOT NULL, "updated_at" timestamp NOT NULL)[0m
  [1m[35m (1.4ms)[0m  [1m[35mCREATE UNIQUE INDEX  "index_users_on_email" ON "users"  ("email")[0m
  [1m[35m (1.4ms)[0m  [1m[35mCREATE UNIQUE INDEX  "index_users_on_uid_and_provider" ON "users"  ("uid", "provider")[0m
  [1m[35m (2.3ms)[0m  [1m[35mCREATE UNIQUE INDEX  "index_users_on_reset_password_token" ON "users"  ("reset_password_token")[0m
  [1m[35m (1.5ms)[0m  [1m[35mCREATE UNIQUE INDEX  "index_users_on_confirmation_token" ON "users"  ("confirmation_token")[0m
  [1m[35mSQL (0.2ms)[0m  [1m[32mINSERT INTO "schema_migrations" ("version") VALUES ($1) RETURNING "version"[0m  [["version", "20170411174142"]]
  [1m[35m (6.3ms)[0m  [1m[35mCOMMIT[0m
  [1m[36mActiveRecord::InternalMetadata Load (0.2ms)[0m  [1m[34mSELECT  "ar_internal_metadata".* FROM "ar_internal_metadata" WHERE "ar_internal_metadata"."key" = $1 LIMIT $2[0m  [["key", :environment], ["LIMIT", 1]]
  [1m[35m (1.3ms)[0m  [1m[35mBEGIN[0m
  [1m[35mSQL (2.4ms)[0m  [1m[32mINSERT INTO "ar_internal_metadata" ("key", "value", "created_at", "updated_at") VALUES ($1, $2, $3, $4) RETURNING "key"[0m  [["key", "environment"], ["value", "development"], ["created_at", 2017-04-11 20:01:49 UTC], ["updated_at", 2017-04-11 20:01:49 UTC]]
  [1m[35m (0.8ms)[0m  [1m[35mCOMMIT[0m
  [1m[35m (0.2ms)[0m  [1m[34mSELECT pg_advisory_unlock(3538794019947244905)[0m
  [1m[36mActiveRecord::SchemaMigration Load (0.1ms)[0m  [1m[34mSELECT "schema_migrations".* FROM "schema_migrations"[0m
  [1m[36mActiveRecord::SchemaMigration Load (0.1ms)[0m  [1m[34mSELECT "schema_migrations".* FROM "schema_migrations"[0m
  [1m[35m (3.2ms)[0m  [1m[35mBEGIN[0m
  [1m[35m (1.2ms)[0m  [1m[34mSELECT COUNT(*) FROM "users" WHERE "users"."provider" = $1 AND "users"."email" = $2[0m  [["provider", "email"], ["email", "aaa@example.com"]]
  [1m[35mSQL (7.9ms)[0m  [1m[32mINSERT INTO "users" ("uid", "encrypted_password", "confirmation_token", "confirmation_sent_at", "name", "nickname", "email", "tokens", "created_at", "updated_at") VALUES ($1, $2, $3, $4, $5, $6, $7, $8, $9, $10) RETURNING "id"[0m  [["uid", "aaa@example.com"], ["encrypted_password", "$2a$10$VhYMYk.u5NujgB2YTCONueMQWmtDNr.XzswPQCwEpMzBL/G1YZV6m"], ["confirmation_token", "4bDT_YrM75egdSVGpNqs"], ["confirmation_sent_at", 2017-04-11 20:01:49 UTC], ["name", "User One"], ["nickname", "UOne"], ["email", "aaa@example.com"], ["tokens", "\"{}\""], ["created_at", 2017-04-11 20:01:49 UTC], ["updated_at", 2017-04-11 20:01:49 UTC]]
  [1m[35m (0.9ms)[0m  [1m[35mCOMMIT[0m
Started POST "/auth/sign_in" for 127.0.0.1 at 2017-04-11 22:03:27 +0200
  [1m[36mActiveRecord::SchemaMigration Load (4.9ms)[0m  [1m[34mSELECT "schema_migrations".* FROM "schema_migrations"[0m
Processing by DeviseTokenAuth::SessionsController#create as */*
  Parameters: {"email"=>"user@example.com", "password"=>"[FILTERED]", "session"=>{"email"=>"user@example.com", "password"=>"[FILTERED]"}}
Unpermitted parameter: session
Unpermitted parameter: session
  [1m[36mUser Load (1.4ms)[0m  [1m[34mSELECT  "users".* FROM "users" WHERE (email = 'user@example.com' AND provider='email') ORDER BY "users"."id" ASC LIMIT $1[0m  [["LIMIT", 1]]
Completed 401 Unauthorized in 30ms (Views: 0.2ms | ActiveRecord: 3.0ms)


Started POST "/auth/sign_in" for 127.0.0.1 at 2017-04-11 22:03:32 +0200
Processing by DeviseTokenAuth::SessionsController#create as */*
  Parameters: {"email"=>"user@example.com", "password"=>"[FILTERED]", "session"=>{"email"=>"user@example.com", "password"=>"[FILTERED]"}}
Unpermitted parameter: session
Unpermitted parameter: session
  [1m[36mUser Load (0.4ms)[0m  [1m[34mSELECT  "users".* FROM "users" WHERE (email = 'user@example.com' AND provider='email') ORDER BY "users"."id" ASC LIMIT $1[0m  [["LIMIT", 1]]
Completed 401 Unauthorized in 2ms (Views: 0.1ms | ActiveRecord: 0.4ms)


Started POST "/auth/sign_in" for 127.0.0.1 at 2017-04-11 22:03:57 +0200
Processing by DeviseTokenAuth::SessionsController#create as */*
  Parameters: {"email"=>"aaa@example.com", "password"=>"[FILTERED]", "session"=>{"email"=>"aaa@example.com", "password"=>"[FILTERED]"}}
Unpermitted parameter: session
Unpermitted parameter: session
  [1m[36mUser Load (0.3ms)[0m  [1m[34mSELECT  "users".* FROM "users" WHERE (email = 'aaa@example.com' AND provider='email') ORDER BY "users"."id" ASC LIMIT $1[0m  [["LIMIT", 1]]
Unpermitted parameter: session
Completed 401 Unauthorized in 34ms (Views: 0.1ms | ActiveRecord: 0.3ms)


